{
  "RSpec": {
    "coverage": {
      "/Users/campuscode01/fabricio/rateio/app/models/user.rb": [
        1,
        null,
        null,
        1,
        null,
        null,
        1,
        null,
        1,
        1,
        null
      ],
      "/Users/campuscode01/fabricio/rateio/app/models/application_record.rb": [
        1,
        1,
        null
      ],
      "/Users/campuscode01/fabricio/rateio/app/helpers/application_helper.rb": [
        1,
        null
      ],
      "/Users/campuscode01/fabricio/rateio/app/mailers/expense_mailer.rb": [
        1,
        1,
        2,
        2,
        2,
        2,
        null,
        2,
        null,
        null
      ],
      "/Users/campuscode01/fabricio/rateio/app/mailers/application_mailer.rb": [
        1,
        1,
        1,
        null
      ],
      "/Users/campuscode01/fabricio/rateio/app/models/expense.rb": [
        1,
        1,
        null,
        null,
        null,
        1,
        1,
        1,
        null,
        1,
        1,
        null,
        null,
        1,
        32,
        null,
        null,
        1,
        123,
        123,
        null,
        null,
        1,
        34,
        null,
        null,
        1,
        7,
        null,
        null
      ],
      "/Users/campuscode01/fabricio/rateio/app/models/user_expense.rb": [
        1,
        1,
        1,
        1,
        1,
        1,
        1,
        null,
        null,
        1,
        3,
        3,
        null,
        null
      ],
      "/Users/campuscode01/fabricio/rateio/app/controllers/expenses_controller.rb": [
        1,
        1,
        null,
        1,
        null,
        1,
        4,
        null,
        null,
        1,
        4,
        4,
        3,
        null,
        3,
        3,
        null,
        1,
        null,
        null,
        null,
        1,
        2,
        2,
        1,
        1,
        null,
        1,
        null,
        null,
        null,
        1,
        1,
        1,
        null,
        1,
        null,
        null,
        1,
        28,
        28,
        28,
        null,
        null,
        null,
        null,
        1,
        5,
        5,
        null,
        null,
        1,
        1,
        null,
        null,
        1,
        1,
        1,
        1,
        1,
        null,
        0,
        null,
        null,
        null,
        1,
        null,
        1,
        5,
        null,
        null,
        null,
        null,
        1,
        3,
        null,
        3,
        1,
        1,
        null,
        null
      ],
      "/Users/campuscode01/fabricio/rateio/app/controllers/application_controller.rb": [
        1,
        1,
        1,
        null,
        1,
        null,
        1,
        8,
        null,
        null
      ],
      "/Users/campuscode01/fabricio/rateio/app/controllers/home_controller.rb": [
        1,
        1,
        null
      ],
      "/Users/campuscode01/fabricio/rateio/app/controllers/user_expenses_controller.rb": [
        1,
        1,
        1,
        1,
        null,
        1,
        3,
        3,
        2,
        2,
        null,
        1,
        null,
        null,
        3,
        null,
        null,
        1,
        null,
        1,
        2,
        null,
        2,
        2,
        null,
        null,
        1,
        null,
        1,
        12,
        null,
        null,
        1,
        3,
        null,
        null,
        1,
        4,
        null,
        4,
        1,
        1,
        null,
        null
      ]
    },
    "timestamp": 1510691311
  }
}
